<?xml version="1.0" encoding="UTF-8"?>
<!-- Generated by org.testng.reporters.JUnitReportReporter -->
<testsuite hostname="riyazs-mbp.lan" failures="0" tests="5" name="pageobjectmodel.LoginTest" time="58.976" errors="0" timestamp="2023-03-06T09:50:56 PST" skipped="0">
  <testcase classname="pageobjectmodel.LoginTest" name="validateErrorLogin" time="4.381"/>
  <system-out/>
  <testcase classname="pageobjectmodel.LoginTest" name="remeberMe" time="22.852"/>
  <system-out/>
  <testcase classname="pageobjectmodel.LoginTest" name="forGotpassword" time="13.563"/>
  <system-out/>
  <testcase classname="pageobjectmodel.LoginTest" name="error_login" time="8.392"/>
  <system-out/>
  <testcase classname="pageobjectmodel.LoginTest" name="loginTest" time="9.788"/>
  <system-out/>
</testsuite> <!-- pageobjectmodel.LoginTest -->
